<?xml version="1.0" encoding="UTF-8"?>
<testsuite name="RewardCentral.RewardCentralApplicationTest" tests="1" skipped="0" failures="0" errors="0" timestamp="2022-05-20T09:37:53" hostname="iMacdeGuillaume" time="0.362">
  <properties/>
  <testcase name="loadContext()" classname="RewardCentral.RewardCentralApplicationTest" time="0.362"/>
  <system-out><![CDATA[11:37:50.851 [Test worker] DEBUG org.springframework.test.context.BootstrapUtils - Instantiating CacheAwareContextLoaderDelegate from class [org.springframework.test.context.cache.DefaultCacheAwareContextLoaderDelegate]
11:37:50.873 [Test worker] DEBUG org.springframework.test.context.BootstrapUtils - Instantiating BootstrapContext using constructor [public org.springframework.test.context.support.DefaultBootstrapContext(java.lang.Class,org.springframework.test.context.CacheAwareContextLoaderDelegate)]
11:37:50.942 [Test worker] DEBUG org.springframework.test.context.BootstrapUtils - Instantiating TestContextBootstrapper for test class [RewardCentral.RewardCentralApplicationTest] from class [org.springframework.boot.test.context.SpringBootTestContextBootstrapper]
11:37:50.965 [Test worker] INFO org.springframework.boot.test.context.SpringBootTestContextBootstrapper - Neither @ContextConfiguration nor @ContextHierarchy found for test class [RewardCentral.RewardCentralApplicationTest], using SpringBootContextLoader
11:37:50.974 [Test worker] DEBUG org.springframework.test.context.support.AbstractContextLoader - Did not detect default resource location for test class [RewardCentral.RewardCentralApplicationTest]: class path resource [RewardCentral/RewardCentralApplicationTest-context.xml] does not exist
11:37:50.974 [Test worker] DEBUG org.springframework.test.context.support.AbstractContextLoader - Did not detect default resource location for test class [RewardCentral.RewardCentralApplicationTest]: class path resource [RewardCentral/RewardCentralApplicationTestContext.groovy] does not exist
11:37:50.974 [Test worker] INFO org.springframework.test.context.support.AbstractContextLoader - Could not detect default resource locations for test class [RewardCentral.RewardCentralApplicationTest]: no resource found for suffixes {-context.xml, Context.groovy}.
11:37:50.975 [Test worker] INFO org.springframework.test.context.support.AnnotationConfigContextLoaderUtils - Could not detect default configuration classes for test class [RewardCentral.RewardCentralApplicationTest]: RewardCentralApplicationTest does not declare any static, non-private, non-final, nested classes annotated with @Configuration.
11:37:51.039 [Test worker] DEBUG org.springframework.test.context.support.ActiveProfilesUtils - Could not find an 'annotation declaring class' for annotation type [org.springframework.test.context.ActiveProfiles] and class [RewardCentral.RewardCentralApplicationTest]
11:37:51.146 [Test worker] DEBUG org.springframework.context.annotation.ClassPathScanningCandidateComponentProvider - Identified candidate component class: file [/Users/guillaumebrenot/Git/TripMaster/RewardCentral/build/classes/java/main/RewardCentral/RewardCentralApplication.class]
11:37:51.151 [Test worker] INFO org.springframework.boot.test.context.SpringBootTestContextBootstrapper - Found @SpringBootConfiguration RewardCentral.RewardCentralApplication for test class RewardCentral.RewardCentralApplicationTest
11:37:51.296 [Test worker] DEBUG org.springframework.boot.test.context.SpringBootTestContextBootstrapper - @TestExecutionListeners is not present for class [RewardCentral.RewardCentralApplicationTest]: using defaults.
11:37:51.297 [Test worker] INFO org.springframework.boot.test.context.SpringBootTestContextBootstrapper - Loaded default TestExecutionListener class names from location [META-INF/spring.factories]: [org.springframework.boot.test.autoconfigure.restdocs.RestDocsTestExecutionListener, org.springframework.boot.test.autoconfigure.web.client.MockRestServiceServerResetTestExecutionListener, org.springframework.boot.test.autoconfigure.web.servlet.MockMvcPrintOnlyOnFailureTestExecutionListener, org.springframework.boot.test.autoconfigure.web.servlet.WebDriverTestExecutionListener, org.springframework.boot.test.autoconfigure.webservices.client.MockWebServiceServerTestExecutionListener, org.springframework.boot.test.mock.mockito.MockitoTestExecutionListener, org.springframework.boot.test.mock.mockito.ResetMocksTestExecutionListener, org.springframework.test.context.web.ServletTestExecutionListener, org.springframework.test.context.support.DirtiesContextBeforeModesTestExecutionListener, org.springframework.test.context.event.ApplicationEventsTestExecutionListener, org.springframework.test.context.support.DependencyInjectionTestExecutionListener, org.springframework.test.context.support.DirtiesContextTestExecutionListener, org.springframework.test.context.transaction.TransactionalTestExecutionListener, org.springframework.test.context.jdbc.SqlScriptsTestExecutionListener, org.springframework.test.context.event.EventPublishingTestExecutionListener]
11:37:51.311 [Test worker] DEBUG org.springframework.boot.test.context.SpringBootTestContextBootstrapper - Skipping candidate TestExecutionListener [org.springframework.test.context.transaction.TransactionalTestExecutionListener] due to a missing dependency. Specify custom listener classes or make the default listener classes and their required dependencies available. Offending class: [org/springframework/transaction/TransactionDefinition]
11:37:51.311 [Test worker] DEBUG org.springframework.boot.test.context.SpringBootTestContextBootstrapper - Skipping candidate TestExecutionListener [org.springframework.test.context.jdbc.SqlScriptsTestExecutionListener] due to a missing dependency. Specify custom listener classes or make the default listener classes and their required dependencies available. Offending class: [org/springframework/transaction/interceptor/TransactionAttribute]
11:37:51.312 [Test worker] INFO org.springframework.boot.test.context.SpringBootTestContextBootstrapper - Using TestExecutionListeners: [org.springframework.test.context.web.ServletTestExecutionListener@592b1a7e, org.springframework.test.context.support.DirtiesContextBeforeModesTestExecutionListener@3deb0f55, org.springframework.test.context.event.ApplicationEventsTestExecutionListener@6ae64834, org.springframework.boot.test.mock.mockito.MockitoTestExecutionListener@357d3e73, org.springframework.boot.test.autoconfigure.SpringBootDependencyInjectionTestExecutionListener@34842a48, org.springframework.test.context.support.DirtiesContextTestExecutionListener@51701a2a, org.springframework.test.context.event.EventPublishingTestExecutionListener@98f5fd8, org.springframework.boot.test.autoconfigure.restdocs.RestDocsTestExecutionListener@55dd763c, org.springframework.boot.test.autoconfigure.web.client.MockRestServiceServerResetTestExecutionListener@401ed0a5, org.springframework.boot.test.autoconfigure.web.servlet.MockMvcPrintOnlyOnFailureTestExecutionListener@116e23c6, org.springframework.boot.test.autoconfigure.web.servlet.WebDriverTestExecutionListener@626ccfac, org.springframework.boot.test.autoconfigure.webservices.client.MockWebServiceServerTestExecutionListener@5c3e394b, org.springframework.boot.test.mock.mockito.ResetMocksTestExecutionListener@6a935191]
11:37:51.317 [Test worker] DEBUG org.springframework.test.context.support.AbstractDirtiesContextTestExecutionListener - Before test class: context [DefaultTestContext@32c1cd42 testClass = RewardCentralApplicationTest, testInstance = [null], testMethod = [null], testException = [null], mergedContextConfiguration = [WebMergedContextConfiguration@68bc5e63 testClass = RewardCentralApplicationTest, locations = '{}', classes = '{class RewardCentral.RewardCentralApplication}', contextInitializerClasses = '[]', activeProfiles = '{}', propertySourceLocations = '{}', propertySourceProperties = '{org.springframework.boot.test.context.SpringBootTestContextBootstrapper=true}', contextCustomizers = set[org.springframework.boot.test.autoconfigure.actuate.metrics.MetricsExportContextCustomizerFactory$DisableMetricExportContextCustomizer@7662688e, org.springframework.boot.test.autoconfigure.properties.PropertyMappingContextCustomizer@0, org.springframework.boot.test.autoconfigure.web.servlet.WebDriverContextCustomizerFactory$Customizer@78ca15ba, org.springframework.boot.test.context.filter.ExcludeFilterContextCustomizer@12552bf7, org.springframework.boot.test.json.DuplicateJsonObjectContextCustomizerFactory$DuplicateJsonObjectContextCustomizer@3514fc5a, org.springframework.boot.test.mock.mockito.MockitoContextCustomizer@0, org.springframework.boot.test.web.client.TestRestTemplateContextCustomizer@d4f41b9, org.springframework.boot.test.context.SpringBootTestArgs@1, org.springframework.boot.test.context.SpringBootTestWebEnvironment@1dd4e76b], resourceBasePath = 'src/main/webapp', contextLoader = 'org.springframework.boot.test.context.SpringBootContextLoader', parent = [null]], attributes = map['org.springframework.test.context.web.ServletTestExecutionListener.activateListener' -> true]], class annotated with @DirtiesContext [false] with mode [null].

  .   ____          _            __ _ _
 /\\ / ___'_ __ _ _(_)_ __  __ _ \ \ \ \
( ( )\___ | '_ | '_| | '_ \/ _` | \ \ \ \
 \\/  ___)| |_)| | | | | || (_| |  ) ) ) )
  '  |____| .__|_| |_|_| |_\__, | / / / /
 =========|_|==============|___/=/_/_/_/
 :: Spring Boot ::                (v2.6.7)

2022-05-20 11:37:51.717  INFO 3445 --- [    Test worker] R.RewardCentralApplicationTest           : Starting RewardCentralApplicationTest using Java 11.0.11 on iMacdeGuillaume with PID 3445 (started by guillaumebrenot in /Users/guillaumebrenot/Git/TripMaster/RewardCentral)
2022-05-20 11:37:51.719  INFO 3445 --- [    Test worker] R.RewardCentralApplicationTest           : No active profile set, falling back to 1 default profile: "default"
2022-05-20 11:37:52.672  INFO 3445 --- [    Test worker] o.s.cloud.context.scope.GenericScope     : BeanFactory id=c8933416-e99b-3a5e-8468-f087863eff03
2022-05-20 11:37:53.803  INFO 3445 --- [    Test worker] o.s.b.a.e.web.EndpointLinksResolver      : Exposing 1 endpoint(s) beneath base path '/actuator'
2022-05-20 11:37:53.854  INFO 3445 --- [    Test worker] R.RewardCentralApplicationTest           : Started RewardCentralApplicationTest in 2.492 seconds (JVM running for 4.098)
]]></system-out>
  <system-err><![CDATA[]]></system-err>
</testsuite>
