<?xml version="1.0" encoding="UTF-8"?>
<testsuite name="tourGuide.controller.TourGuideControllerTest" tests="6" skipped="0" failures="0" errors="0" timestamp="2022-05-16T14:49:48" hostname="iMacdeGuillaume" time="0.183">
  <properties/>
  <testcase name="getAllCurrentLocationsTest()" classname="tourGuide.controller.TourGuideControllerTest" time="0.081"/>
  <testcase name="indexTest()" classname="tourGuide.controller.TourGuideControllerTest" time="0.005"/>
  <testcase name="getNearbyAttractionsTest()" classname="tourGuide.controller.TourGuideControllerTest" time="0.03"/>
  <testcase name="getLocation()" classname="tourGuide.controller.TourGuideControllerTest" time="0.046"/>
  <testcase name="getRewardsTest()" classname="tourGuide.controller.TourGuideControllerTest" time="0.008"/>
  <testcase name="getTripDealsTest()" classname="tourGuide.controller.TourGuideControllerTest" time="0.007"/>
  <system-out><![CDATA[2022-05-16 16:49:48.275  INFO 11322 --- [    Test worker] .b.t.a.w.s.WebMvcTestContextBootstrapper : Neither @ContextConfiguration nor @ContextHierarchy found for test class [tourGuide.controller.TourGuideControllerTest], using SpringBootContextLoader
2022-05-16 16:49:48.276  INFO 11322 --- [    Test worker] o.s.t.c.support.AbstractContextLoader    : Could not detect default resource locations for test class [tourGuide.controller.TourGuideControllerTest]: no resource found for suffixes {-context.xml, Context.groovy}.
2022-05-16 16:49:48.276  INFO 11322 --- [    Test worker] t.c.s.AnnotationConfigContextLoaderUtils : Could not detect default configuration classes for test class [tourGuide.controller.TourGuideControllerTest]: TourGuideControllerTest does not declare any static, non-private, non-final, nested classes annotated with @Configuration.
2022-05-16 16:49:48.289  INFO 11322 --- [    Test worker] .b.t.c.SpringBootTestContextBootstrapper : Found @SpringBootConfiguration tourGuide.TourGuideApplication for test class tourGuide.controller.TourGuideControllerTest
2022-05-16 16:49:48.289  INFO 11322 --- [    Test worker] .b.t.a.w.s.WebMvcTestContextBootstrapper : Loaded default TestExecutionListener class names from location [META-INF/spring.factories]: [org.springframework.boot.test.autoconfigure.restdocs.RestDocsTestExecutionListener, org.springframework.boot.test.autoconfigure.web.client.MockRestServiceServerResetTestExecutionListener, org.springframework.boot.test.autoconfigure.web.servlet.MockMvcPrintOnlyOnFailureTestExecutionListener, org.springframework.boot.test.autoconfigure.web.servlet.WebDriverTestExecutionListener, org.springframework.boot.test.autoconfigure.webservices.client.MockWebServiceServerTestExecutionListener, org.springframework.boot.test.mock.mockito.MockitoTestExecutionListener, org.springframework.boot.test.mock.mockito.ResetMocksTestExecutionListener, org.springframework.test.context.web.ServletTestExecutionListener, org.springframework.test.context.support.DirtiesContextBeforeModesTestExecutionListener, org.springframework.test.context.event.ApplicationEventsTestExecutionListener, org.springframework.test.context.support.DependencyInjectionTestExecutionListener, org.springframework.test.context.support.DirtiesContextTestExecutionListener, org.springframework.test.context.transaction.TransactionalTestExecutionListener, org.springframework.test.context.jdbc.SqlScriptsTestExecutionListener, org.springframework.test.context.event.EventPublishingTestExecutionListener]
2022-05-16 16:49:48.290  INFO 11322 --- [    Test worker] .b.t.a.w.s.WebMvcTestContextBootstrapper : Using TestExecutionListeners: [org.springframework.test.context.web.ServletTestExecutionListener@298c770b, org.springframework.test.context.support.DirtiesContextBeforeModesTestExecutionListener@63df74c9, org.springframework.test.context.event.ApplicationEventsTestExecutionListener@6f0168d7, org.springframework.boot.test.mock.mockito.MockitoTestExecutionListener@4426fac1, org.springframework.boot.test.autoconfigure.SpringBootDependencyInjectionTestExecutionListener@ed8e961, org.springframework.test.context.support.DirtiesContextTestExecutionListener@16b9bd4f, org.springframework.test.context.event.EventPublishingTestExecutionListener@721a389f, org.springframework.boot.test.autoconfigure.restdocs.RestDocsTestExecutionListener@19934ef, org.springframework.boot.test.autoconfigure.web.client.MockRestServiceServerResetTestExecutionListener@4843465c, org.springframework.boot.test.autoconfigure.web.servlet.MockMvcPrintOnlyOnFailureTestExecutionListener@134bd9de, org.springframework.boot.test.autoconfigure.web.servlet.WebDriverTestExecutionListener@3036c5e8, org.springframework.boot.test.autoconfigure.webservices.client.MockWebServiceServerTestExecutionListener@78c0a14d, org.springframework.boot.test.mock.mockito.ResetMocksTestExecutionListener@2ae379af]

  .   ____          _            __ _ _
 /\\ / ___'_ __ _ _(_)_ __  __ _ \ \ \ \
( ( )\___ | '_ | '_| | '_ \/ _` | \ \ \ \
 \\/  ___)| |_)| | | | | || (_| |  ) ) ) )
  '  |____| .__|_| |_|_| |_\__, | / / / /
 =========|_|==============|___/=/_/_/_/
 :: Spring Boot ::                (v2.6.6)

2022-05-16 16:49:48.319  INFO 11322 --- [    Test worker] t.controller.TourGuideControllerTest     : Starting TourGuideControllerTest using Java 11.0.11 on iMacdeGuillaume with PID 11322 (started by guillaumebrenot in /Users/guillaumebrenot/Git/TripMaster/TourGuide)
2022-05-16 16:49:48.319 DEBUG 11322 --- [    Test worker] t.controller.TourGuideControllerTest     : Running with Spring Boot v2.6.6, Spring v5.3.18
2022-05-16 16:49:48.319  INFO 11322 --- [    Test worker] t.controller.TourGuideControllerTest     : No active profile set, falling back to 1 default profile: "default"
2022-05-16 16:49:48.665  INFO 11322 --- [    Test worker] o.s.b.t.m.w.SpringBootMockServletContext : Initializing Spring TestDispatcherServlet ''
2022-05-16 16:49:48.665  INFO 11322 --- [    Test worker] o.s.t.web.servlet.TestDispatcherServlet  : Initializing Servlet ''
2022-05-16 16:49:48.666  INFO 11322 --- [    Test worker] o.s.t.web.servlet.TestDispatcherServlet  : Completed initialization in 1 ms
2022-05-16 16:49:48.678  INFO 11322 --- [    Test worker] t.controller.TourGuideControllerTest     : Started TourGuideControllerTest in 0.385 seconds (JVM running for 40.598)
2022-05-16 16:49:48.727  INFO 11322 --- [    Test worker] TourGuideControllerLog                   : Get all users current Location
2022-05-16 16:49:48.766  INFO 11322 --- [    Test worker] TourGuideControllerLog                   : Get index
2022-05-16 16:49:48.782  INFO 11322 --- [    Test worker] TourGuideControllerLog                   : Search user with username: username
2022-05-16 16:49:48.783  INFO 11322 --- [    Test worker] TourGuideControllerLog                   : Get nearby attractions with username: username
2022-05-16 16:49:48.810  INFO 11322 --- [    Test worker] TourGuideControllerLog                   : Search user with username: username
2022-05-16 16:49:48.811  INFO 11322 --- [    Test worker] TourGuideControllerLog                   : Get visited locations with username: username
2022-05-16 16:49:48.854  INFO 11322 --- [    Test worker] TourGuideControllerLog                   : Search user with username: username
2022-05-16 16:49:48.854  INFO 11322 --- [    Test worker] TourGuideControllerLog                   : Get user reward with username: username
2022-05-16 16:49:48.862  INFO 11322 --- [    Test worker] TourGuideControllerLog                   : Search user with username: username
2022-05-16 16:49:48.863  INFO 11322 --- [    Test worker] TourGuideControllerLog                   : Get user trip deal with username: username
]]></system-out>
  <system-err><![CDATA[]]></system-err>
</testsuite>
