<?xml version="1.0" encoding="UTF-8"?>
<testsuite name="tourGuide.integration.IntegrationRewardsTestIT" tests="3" skipped="0" failures="0" errors="0" timestamp="2022-05-16T14:49:25" hostname="iMacdeGuillaume" time="10.479">
  <properties/>
  <testcase name="nearAllAttractions()" classname="tourGuide.integration.IntegrationRewardsTestIT" time="9.983"/>
  <testcase name="userGetRewards()" classname="tourGuide.integration.IntegrationRewardsTestIT" time="0.478"/>
  <testcase name="isWithinAttractionProximity()" classname="tourGuide.integration.IntegrationRewardsTestIT" time="0.016"/>
  <system-out><![CDATA[2022-05-16 16:49:25.630  INFO 11322 --- [    Test worker] .b.t.c.SpringBootTestContextBootstrapper : Neither @ContextConfiguration nor @ContextHierarchy found for test class [tourGuide.integration.IntegrationRewardsTestIT], using SpringBootContextLoader
2022-05-16 16:49:25.630  INFO 11322 --- [    Test worker] o.s.t.c.support.AbstractContextLoader    : Could not detect default resource locations for test class [tourGuide.integration.IntegrationRewardsTestIT]: no resource found for suffixes {-context.xml, Context.groovy}.
2022-05-16 16:49:25.631  INFO 11322 --- [    Test worker] t.c.s.AnnotationConfigContextLoaderUtils : Could not detect default configuration classes for test class [tourGuide.integration.IntegrationRewardsTestIT]: IntegrationRewardsTestIT does not declare any static, non-private, non-final, nested classes annotated with @Configuration.
2022-05-16 16:49:25.634  INFO 11322 --- [    Test worker] .b.t.c.SpringBootTestContextBootstrapper : Found @SpringBootConfiguration tourGuide.TourGuideApplication for test class tourGuide.integration.IntegrationRewardsTestIT
2022-05-16 16:49:25.635  INFO 11322 --- [    Test worker] .b.t.c.SpringBootTestContextBootstrapper : Loaded default TestExecutionListener class names from location [META-INF/spring.factories]: [org.springframework.boot.test.autoconfigure.restdocs.RestDocsTestExecutionListener, org.springframework.boot.test.autoconfigure.web.client.MockRestServiceServerResetTestExecutionListener, org.springframework.boot.test.autoconfigure.web.servlet.MockMvcPrintOnlyOnFailureTestExecutionListener, org.springframework.boot.test.autoconfigure.web.servlet.WebDriverTestExecutionListener, org.springframework.boot.test.autoconfigure.webservices.client.MockWebServiceServerTestExecutionListener, org.springframework.boot.test.mock.mockito.MockitoTestExecutionListener, org.springframework.boot.test.mock.mockito.ResetMocksTestExecutionListener, org.springframework.test.context.web.ServletTestExecutionListener, org.springframework.test.context.support.DirtiesContextBeforeModesTestExecutionListener, org.springframework.test.context.event.ApplicationEventsTestExecutionListener, org.springframework.test.context.support.DependencyInjectionTestExecutionListener, org.springframework.test.context.support.DirtiesContextTestExecutionListener, org.springframework.test.context.transaction.TransactionalTestExecutionListener, org.springframework.test.context.jdbc.SqlScriptsTestExecutionListener, org.springframework.test.context.event.EventPublishingTestExecutionListener]
2022-05-16 16:49:25.636  INFO 11322 --- [    Test worker] .b.t.c.SpringBootTestContextBootstrapper : Using TestExecutionListeners: [org.springframework.test.context.web.ServletTestExecutionListener@5cc3cc00, org.springframework.test.context.support.DirtiesContextBeforeModesTestExecutionListener@2e1c2b61, org.springframework.test.context.event.ApplicationEventsTestExecutionListener@52e43c86, org.springframework.boot.test.mock.mockito.MockitoTestExecutionListener@52bc269b, org.springframework.boot.test.autoconfigure.SpringBootDependencyInjectionTestExecutionListener@10dd4300, org.springframework.test.context.support.DirtiesContextTestExecutionListener@5fd53559, org.springframework.test.context.event.EventPublishingTestExecutionListener@2ca62229, org.springframework.boot.test.autoconfigure.restdocs.RestDocsTestExecutionListener@1f9d41d8, org.springframework.boot.test.autoconfigure.web.client.MockRestServiceServerResetTestExecutionListener@6522c468, org.springframework.boot.test.autoconfigure.web.servlet.MockMvcPrintOnlyOnFailureTestExecutionListener@132b4a68, org.springframework.boot.test.autoconfigure.web.servlet.WebDriverTestExecutionListener@e01954e, org.springframework.boot.test.autoconfigure.webservices.client.MockWebServiceServerTestExecutionListener@7b6796d7, org.springframework.boot.test.mock.mockito.ResetMocksTestExecutionListener@8151c57]
2022-05-16 16:49:25.640  INFO 11322 --- [    Test worker] TourGuideServiceLog                      : TestMode enabled
2022-05-16 16:49:25.641  INFO 11322 --- [    Test worker] tourGuide.helper.InternalTestDataSet     : Created 1 internal test users.
2022-05-16 16:49:25.641 DEBUG 11322 --- [ool-15-thread-1] tourGuide.service.TrackerService         : Begin Tracker. Tracking 1 users.
2022-05-16 16:49:35.623  INFO 11322 --- [    Test worker] TourGuideServiceLog                      : TestMode enabled
2022-05-16 16:49:35.623  INFO 11322 --- [    Test worker] tourGuide.helper.InternalTestDataSet     : Created 1 internal test users.
2022-05-16 16:49:35.623 DEBUG 11322 --- [ool-18-thread-1] tourGuide.service.TrackerService         : Begin Tracker. Tracking 1 users.
2022-05-16 16:49:35.743 DEBUG 11322 --- [ool-18-thread-1] tourGuide.service.TrackerService         : Tracker  Time Elapsed: 0 seconds.
2022-05-16 16:49:35.745 DEBUG 11322 --- [ool-15-thread-1] tourGuide.service.TrackerService         : Tracker  Time Elapsed: 10 seconds.
]]></system-out>
  <system-err><![CDATA[]]></system-err>
</testsuite>
